<?xml version="1.0" encoding="UTF-8"?>
<testng-results ignored="0" total="1" passed="1" failed="0" skipped="0">
  <reporter-output>
  </reporter-output>
  <suite started-at="2021-06-30T02:37:07 IST" name="Suite" finished-at="2021-06-30T02:37:18 IST" duration-ms="10599">
    <groups>
    </groups>
    <test started-at="2021-06-30T02:37:07 IST" name="Test" finished-at="2021-06-30T02:37:18 IST" duration-ms="10599">
      <class name="com.automation.testcases.LoginTestCRM">
        <test-method is-config="true" signature="setup()[pri:0, instance:com.automation.testcases.LoginTestCRM@61dd025]" started-at="2021-06-30T02:37:07 IST" name="setup" finished-at="2021-06-30T02:37:12 IST" duration-ms="5018" status="PASS">
          <reporter-output>
          </reporter-output>
        </test-method> <!-- setup -->
        <test-method signature="LoginApp()[pri:0, instance:com.automation.testcases.LoginTestCRM@61dd025]" started-at="2021-06-30T02:37:12 IST" name="LoginApp" finished-at="2021-06-30T02:37:17 IST" duration-ms="5336" status="PASS">
          <reporter-output>
          </reporter-output>
        </test-method> <!-- LoginApp -->
        <test-method is-config="true" signature="teardown()[pri:0, instance:com.automation.testcases.LoginTestCRM@61dd025]" started-at="2021-06-30T02:37:17 IST" name="teardown" finished-at="2021-06-30T02:37:18 IST" duration-ms="184" status="PASS">
          <reporter-output>
          </reporter-output>
        </test-method> <!-- teardown -->
      </class> <!-- com.automation.testcases.LoginTestCRM -->
    </test> <!-- Test -->
  </suite> <!-- Suite -->
</testng-results>
